execve("/nix/store/l2mhi2nmqdyxf4vvxk1si7ab1qbysz07-rocminfo-7.2.1/bin/rocminfo", ["/nix/store/l2mhi2nmqdyxf4vvxk1si"...], 0x7fff0b7e7a90 /* 147 vars */) = 0
brk(NULL)                               = 0x62e84c0e1000
mmap(NULL, 8192, PROT_READ|PROT_WRITE, MAP_PRIVATE|MAP_ANONYMOUS, -1, 0) = 0x7b6156a55000
access("/etc/ld-nix.so.preload", R_OK)  = -1 ENOENT (No such file or directory)
openat(AT_FDCWD, "/home/nixos/50V3R31GN-M4CH1N4/librocdxg_v2/build/glibc-hwcaps/x86-64-v3/libhsa-runtime64.so.1", O_RDONLY|O_CLOEXEC) = -1 ENOENT (No such file or directory)
newfstatat(AT_FDCWD, "/home/nixos/50V3R31GN-M4CH1N4/librocdxg_v2/build/glibc-hwcaps/x86-64-v3/", 0x7ffcc9a9c710, 0) = -1 ENOENT (No such file or directory)
openat(AT_FDCWD, "/home/nixos/50V3R31GN-M4CH1N4/librocdxg_v2/build/glibc-hwcaps/x86-64-v2/libhsa-runtime64.so.1", O_RDONLY|O_CLOEXEC) = -1 ENOENT (No such file or directory)
newfstatat(AT_FDCWD, "/home/nixos/50V3R31GN-M4CH1N4/librocdxg_v2/build/glibc-hwcaps/x86-64-v2/", 0x7ffcc9a9c710, 0) = -1 ENOENT (No such file or directory)
openat(AT_FDCWD, "/home/nixos/50V3R31GN-M4CH1N4/librocdxg_v2/build/libhsa-runtime64.so.1", O_RDONLY|O_CLOEXEC) = -1 ENOENT (No such file or directory)
newfstatat(AT_FDCWD, "/home/nixos/50V3R31GN-M4CH1N4/librocdxg_v2/build/", 0x7ffcc9a9c710, 0) = -1 ENOENT (No such file or directory)
openat(AT_FDCWD, "/usr/lib/wsl/lib/glibc-hwcaps/x86-64-v3/libhsa-runtime64.so.1", O_RDONLY|O_CLOEXEC) = -1 ENOENT (No such file or directory)
newfstatat(AT_FDCWD, "/usr/lib/wsl/lib/glibc-hwcaps/x86-64-v3/", 0x7ffcc9a9c710, 0) = -1 ENOENT (No such file or directory)
openat(AT_FDCWD, "/usr/lib/wsl/lib/glibc-hwcaps/x86-64-v2/libhsa-runtime64.so.1", O_RDONLY|O_CLOEXEC) = -1 ENOENT (No such file or directory)
newfstatat(AT_FDCWD, "/usr/lib/wsl/lib/glibc-hwcaps/x86-64-v2/", 0x7ffcc9a9c710, 0) = -1 ENOENT (No such file or directory)
openat(AT_FDCWD, "/usr/lib/wsl/lib/libhsa-runtime64.so.1", O_RDONLY|O_CLOEXEC) = -1 ENOENT (No such file or directory)
newfstatat(AT_FDCWD, "/usr/lib/wsl/lib/", {st_mode=S_IFDIR|0755, st_size=40, ...}, 0) = 0
openat(AT_FDCWD, "/nix/store/wpyvx3s2ciayjd1s4ckcv7y6jn186rsv-rocm-runtime-7.2.1/lib/glibc-hwcaps/x86-64-v3/libhsa-runtime64.so.1", O_RDONLY|O_CLOEXEC) = -1 ENOENT (No such file or directory)
newfstatat(AT_FDCWD, "/nix/store/wpyvx3s2ciayjd1s4ckcv7y6jn186rsv-rocm-runtime-7.2.1/lib/glibc-hwcaps/x86-64-v3/", 0x7ffcc9a9c710, 0) = -1 ENOENT (No such file or directory)
openat(AT_FDCWD, "/nix/store/wpyvx3s2ciayjd1s4ckcv7y6jn186rsv-rocm-runtime-7.2.1/lib/glibc-hwcaps/x86-64-v2/libhsa-runtime64.so.1", O_RDONLY|O_CLOEXEC) = -1 ENOENT (No such file or directory)
newfstatat(AT_FDCWD, "/nix/store/wpyvx3s2ciayjd1s4ckcv7y6jn186rsv-rocm-runtime-7.2.1/lib/glibc-hwcaps/x86-64-v2/", 0x7ffcc9a9c710, 0) = -1 ENOENT (No such file or directory)
openat(AT_FDCWD, "/nix/store/wpyvx3s2ciayjd1s4ckcv7y6jn186rsv-rocm-runtime-7.2.1/lib/libhsa-runtime64.so.1", O_RDONLY|O_CLOEXEC) = 3
read(3, "\177ELF\2\1\1\0\0\0\0\0\0\0\0\0\3\0>\0\1\0\0\0\0\0\0\0\0\0\0\0"..., 832) = 832
fstat(3, {st_mode=S_IFREG|0555, st_size=4633064, ...}) = 0
mmap(NULL, 4175712, PROT_READ, MAP_PRIVATE|MAP_DENYWRITE, 3, 0) = 0x7b6156600000
mmap(0x7b615661d000, 1261568, PROT_READ|PROT_EXEC, MAP_PRIVATE|MAP_FIXED|MAP_DENYWRITE, 3, 0x1d000) = 0x7b615661d000
mmap(0x7b6156751000, 454656, PROT_READ, MAP_PRIVATE|MAP_FIXED|MAP_DENYWRITE, 3, 0x151000) = 0x7b6156751000
mmap(0x7b61567c0000, 2330624, PROT_READ|PROT_WRITE, MAP_PRIVATE|MAP_FIXED|MAP_DENYWRITE, 3, 0x1c0000) = 0x7b61567c0000
mmap(0x7b61569f9000, 10080, PROT_READ|PROT_WRITE, MAP_PRIVATE|MAP_FIXED|MAP_ANONYMOUS, -1, 0) = 0x7b61569f9000
close(3)                                = 0
openat(AT_FDCWD, "/usr/lib/wsl/lib/libstdc++.so.6", O_RDONLY|O_CLOEXEC) = -1 ENOENT (No such file or directory)
openat(AT_FDCWD, "/nix/store/wpyvx3s2ciayjd1s4ckcv7y6jn186rsv-rocm-runtime-7.2.1/lib/libstdc++.so.6", O_RDONLY|O_CLOEXEC) = -1 ENOENT (No such file or directory)
openat(AT_FDCWD, "/nix/store/wpyvx3s2ciayjd1s4ckcv7y6jn186rsv-rocm-runtime-7.2.1/lib/libstdc++.so.6", O_RDONLY|O_CLOEXEC) = -1 ENOENT (No such file or directory)
openat(AT_FDCWD, "/nix/store/jms7zxzm7w1whczwny5m3gkgdjghmi2r-glibc-2.42-51/lib/glibc-hwcaps/x86-64-v3/libstdc++.so.6", O_RDONLY|O_CLOEXEC) = -1 ENOENT (No such file or directory)
newfstatat(AT_FDCWD, "/nix/store/jms7zxzm7w1whczwny5m3gkgdjghmi2r-glibc-2.42-51/lib/glibc-hwcaps/x86-64-v3/", 0x7ffcc9a9c6f0, 0) = -1 ENOENT (No such file or directory)
openat(AT_FDCWD, "/nix/store/jms7zxzm7w1whczwny5m3gkgdjghmi2r-glibc-2.42-51/lib/glibc-hwcaps/x86-64-v2/libstdc++.so.6", O_RDONLY|O_CLOEXEC) = -1 ENOENT (No such file or directory)
newfstatat(AT_FDCWD, "/nix/store/jms7zxzm7w1whczwny5m3gkgdjghmi2r-glibc-2.42-51/lib/glibc-hwcaps/x86-64-v2/", 0x7ffcc9a9c6f0, 0) = -1 ENOENT (No such file or directory)
openat(AT_FDCWD, "/nix/store/jms7zxzm7w1whczwny5m3gkgdjghmi2r-glibc-2.42-51/lib/libstdc++.so.6", O_RDONLY|O_CLOEXEC) = -1 ENOENT (No such file or directory)
newfstatat(AT_FDCWD, "/nix/store/jms7zxzm7w1whczwny5m3gkgdjghmi2r-glibc-2.42-51/lib/", {st_mode=S_IFDIR|0555, st_size=4096, ...}, 0) = 0
openat(AT_FDCWD, "/nix/store/ab3753m6i7isgvzphlar0a8xb84gl96i-gcc-15.2.0-lib/lib/glibc-hwcaps/x86-64-v3/libstdc++.so.6", O_RDONLY|O_CLOEXEC) = -1 ENOENT (No such file or directory)
newfstatat(AT_FDCWD, "/nix/store/ab3753m6i7isgvzphlar0a8xb84gl96i-gcc-15.2.0-lib/lib/glibc-hwcaps/x86-64-v3/", 0x7ffcc9a9c6f0, 0) = -1 ENOENT (No such file or directory)
openat(AT_FDCWD, "/nix/store/ab3753m6i7isgvzphlar0a8xb84gl96i-gcc-15.2.0-lib/lib/glibc-hwcaps/x86-64-v2/libstdc++.so.6", O_RDONLY|O_CLOEXEC) = -1 ENOENT (No such file or directory)
newfstatat(AT_FDCWD, "/nix/store/ab3753m6i7isgvzphlar0a8xb84gl96i-gcc-15.2.0-lib/lib/glibc-hwcaps/x86-64-v2/", 0x7ffcc9a9c6f0, 0) = -1 ENOENT (No such file or directory)
openat(AT_FDCWD, "/nix/store/ab3753m6i7isgvzphlar0a8xb84gl96i-gcc-15.2.0-lib/lib/libstdc++.so.6", O_RDONLY|O_CLOEXEC) = 3
read(3, "\177ELF\2\1\1\3\0\0\0\0\0\0\0\0\3\0>\0\1\0\0\0\0\0\0\0\0\0\0\0"..., 832) = 832
fstat(3, {st_mode=S_IFREG|0555, st_size=3230944, ...}) = 0
mmap(NULL, 2625608, PROT_READ, MAP_PRIVATE|MAP_DENYWRITE, 3, 0) = 0x7b6156200000
mmap(0x7b61562aa000, 1261568, PROT_READ|PROT_EXEC, MAP_PRIVATE|MAP_FIXED|MAP_DENYWRITE, 3, 0xaa000) = 0x7b61562aa000
mmap(0x7b61563de000, 581632, PROT_READ, MAP_PRIVATE|MAP_FIXED|MAP_DENYWRITE, 3, 0x1de000) = 0x7b61563de000
mmap(0x7b615646c000, 73728, PROT_READ|PROT_WRITE, MAP_PRIVATE|MAP_FIXED|MAP_DENYWRITE, 3, 0x26b000) = 0x7b615646c000
mmap(0x7b615647e000, 12360, PROT_READ|PROT_WRITE, MAP_PRIVATE|MAP_FIXED|MAP_ANONYMOUS, -1, 0) = 0x7b615647e000
close(3)                                = 0
openat(AT_FDCWD, "/usr/lib/wsl/lib/libm.so.6", O_RDONLY|O_CLOEXEC) = -1 ENOENT (No such file or directory)
openat(AT_FDCWD, "/nix/store/wpyvx3s2ciayjd1s4ckcv7y6jn186rsv-rocm-runtime-7.2.1/lib/libm.so.6", O_RDONLY|O_CLOEXEC) = -1 ENOENT (No such file or directory)
openat(AT_FDCWD, "/nix/store/wpyvx3s2ciayjd1s4ckcv7y6jn186rsv-rocm-runtime-7.2.1/lib/libm.so.6", O_RDONLY|O_CLOEXEC) = -1 ENOENT (No such file or directory)
openat(AT_FDCWD, "/nix/store/jms7zxzm7w1whczwny5m3gkgdjghmi2r-glibc-2.42-51/lib/libm.so.6", O_RDONLY|O_CLOEXEC) = 3
read(3, "\177ELF\2\1\1\3\0\0\0\0\0\0\0\0\3\0>\0\1\0\0\0\0\0\0\0\0\0\0\0"..., 832) = 832
fstat(3, {st_mode=S_IFREG|0555, st_size=1102240, ...}) = 0
mmap(NULL, 1011736, PROT_READ, MAP_PRIVATE|MAP_DENYWRITE, 3, 0) = 0x7b6156508000
mmap(0x7b6156519000, 544768, PROT_READ|PROT_EXEC, MAP_PRIVATE|MAP_FIXED|MAP_DENYWRITE, 3, 0x11000) = 0x7b6156519000
mmap(0x7b615659e000, 393216, PROT_READ, MAP_PRIVATE|MAP_FIXED|MAP_DENYWRITE, 3, 0x96000) = 0x7b615659e000
mmap(0x7b61565fe000, 8192, PROT_READ|PROT_WRITE, MAP_PRIVATE|MAP_FIXED|MAP_DENYWRITE, 3, 0xf5000) = 0x7b61565fe000
close(3)                                = 0
openat(AT_FDCWD, "/usr/lib/wsl/lib/libgcc_s.so.1", O_RDONLY|O_CLOEXEC) = -1 ENOENT (No such file or directory)
openat(AT_FDCWD, "/nix/store/wpyvx3s2ciayjd1s4ckcv7y6jn186rsv-rocm-runtime-7.2.1/lib/libgcc_s.so.1", O_RDONLY|O_CLOEXEC) = -1 ENOENT (No such file or directory)
openat(AT_FDCWD, "/nix/store/wpyvx3s2ciayjd1s4ckcv7y6jn186rsv-rocm-runtime-7.2.1/lib/libgcc_s.so.1", O_RDONLY|O_CLOEXEC) = -1 ENOENT (No such file or directory)
openat(AT_FDCWD, "/nix/store/jms7zxzm7w1whczwny5m3gkgdjghmi2r-glibc-2.42-51/lib/libgcc_s.so.1", O_RDONLY|O_CLOEXEC) = -1 ENOENT (No such file or directory)
openat(AT_FDCWD, "/nix/store/ab3753m6i7isgvzphlar0a8xb84gl96i-gcc-15.2.0-lib/lib/libgcc_s.so.1", O_RDONLY|O_CLOEXEC) = 3
read(3, "\177ELF\2\1\1\0\0\0\0\0\0\0\0\0\3\0>\0\1\0\0\0\0\0\0\0\0\0\0\0"..., 832) = 832
fstat(3, {st_mode=S_IFREG|0444, st_size=196968, ...}) = 0
mmap(NULL, 180712, PROT_READ, MAP_PRIVATE|MAP_DENYWRITE, 3, 0) = 0x7b6156a28000
mmap(0x7b6156a2c000, 143360, PROT_READ|PROT_EXEC, MAP_PRIVATE|MAP_FIXED|MAP_DENYWRITE, 3, 0x4000) = 0x7b6156a2c000
mmap(0x7b6156a4f000, 16384, PROT_READ, MAP_PRIVATE|MAP_FIXED|MAP_DENYWRITE, 3, 0x27000) = 0x7b6156a4f000
mmap(0x7b6156a53000, 8192, PROT_READ|PROT_WRITE, MAP_PRIVATE|MAP_FIXED|MAP_DENYWRITE, 3, 0x2b000) = 0x7b6156a53000
close(3)                                = 0
openat(AT_FDCWD, "/usr/lib/wsl/lib/libc.so.6", O_RDONLY|O_CLOEXEC) = -1 ENOENT (No such file or directory)
openat(AT_FDCWD, "/nix/store/wpyvx3s2ciayjd1s4ckcv7y6jn186rsv-rocm-runtime-7.2.1/lib/libc.so.6", O_RDONLY|O_CLOEXEC) = -1 ENOENT (No such file or directory)
openat(AT_FDCWD, "/nix/store/wpyvx3s2ciayjd1s4ckcv7y6jn186rsv-rocm-runtime-7.2.1/lib/libc.so.6", O_RDONLY|O_CLOEXEC) = -1 ENOENT (No such file or directory)
openat(AT_FDCWD, "/nix/store/jms7zxzm7w1whczwny5m3gkgdjghmi2r-glibc-2.42-51/lib/libc.so.6", O_RDONLY|O_CLOEXEC) = 3
read(3, "\177ELF\2\1\1\3\0\0\0\0\0\0\0\0\3\0>\0\1\0\0\0@\264\2\0\0\0\0\0"..., 832) = 832
pread64(3, "\6\0\0\0\4\0\0\0@\0\0\0\0\0\0\0@\0\0\0\0\0\0\0@\0\0\0\0\0\0\0"..., 840, 64) = 840
fstat(3, {st_mode=S_IFREG|0555, st_size=2413096, ...}) = 0
pread64(3, "\6\0\0\0\4\0\0\0@\0\0\0\0\0\0\0@\0\0\0\0\0\0\0@\0\0\0\0\0\0\0"..., 840, 64) = 840
mmap(NULL, 2141776, PROT_READ, MAP_PRIVATE|MAP_DENYWRITE, 3, 0) = 0x7b6155e00000
mmap(0x7b6155e28000, 1576960, PROT_READ|PROT_EXEC, MAP_PRIVATE|MAP_FIXED|MAP_DENYWRITE, 3, 0x28000) = 0x7b6155e28000
mmap(0x7b6155fa9000, 323584, PROT_READ, MAP_PRIVATE|MAP_FIXED|MAP_DENYWRITE, 3, 0x1a9000) = 0x7b6155fa9000
mmap(0x7b6155ff8000, 24576, PROT_READ|PROT_WRITE, MAP_PRIVATE|MAP_FIXED|MAP_DENYWRITE, 3, 0x1f7000) = 0x7b6155ff8000
mmap(0x7b6155ffe000, 52816, PROT_READ|PROT_WRITE, MAP_PRIVATE|MAP_FIXED|MAP_ANONYMOUS, -1, 0) = 0x7b6155ffe000
close(3)                                = 0
openat(AT_FDCWD, "/usr/lib/wsl/lib/libelf.so.1", O_RDONLY|O_CLOEXEC) = -1 ENOENT (No such file or directory)
openat(AT_FDCWD, "/nix/store/wpyvx3s2ciayjd1s4ckcv7y6jn186rsv-rocm-runtime-7.2.1/lib/libelf.so.1", O_RDONLY|O_CLOEXEC) = -1 ENOENT (No such file or directory)
mmap(NULL, 8192, PROT_READ|PROT_WRITE, MAP_PRIVATE|MAP_ANONYMOUS, -1, 0) = 0x7b6156a26000
openat(AT_FDCWD, "/nix/store/hc43a4spns3ws92041kq53hf1f61zw8l-libdrm-2.4.131/lib/glibc-hwcaps/x86-64-v3/libelf.so.1", O_RDONLY|O_CLOEXEC) = -1 ENOENT (No such file or directory)
newfstatat(AT_FDCWD, "/nix/store/hc43a4spns3ws92041kq53hf1f61zw8l-libdrm-2.4.131/lib/glibc-hwcaps/x86-64-v3/", 0x7ffcc9a9c670, 0) = -1 ENOENT (No such file or directory)
openat(AT_FDCWD, "/nix/store/hc43a4spns3ws92041kq53hf1f61zw8l-libdrm-2.4.131/lib/glibc-hwcaps/x86-64-v2/libelf.so.1", O_RDONLY|O_CLOEXEC) = -1 ENOENT (No such file or directory)
newfstatat(AT_FDCWD, "/nix/store/hc43a4spns3ws92041kq53hf1f61zw8l-libdrm-2.4.131/lib/glibc-hwcaps/x86-64-v2/", 0x7ffcc9a9c670, 0) = -1 ENOENT (No such file or directory)
openat(AT_FDCWD, "/nix/store/hc43a4spns3ws92041kq53hf1f61zw8l-libdrm-2.4.131/lib/libelf.so.1", O_RDONLY|O_CLOEXEC) = -1 ENOENT (No such file or directory)
newfstatat(AT_FDCWD, "/nix/store/hc43a4spns3ws92041kq53hf1f61zw8l-libdrm-2.4.131/lib/", {st_mode=S_IFDIR|0555, st_size=4096, ...}, 0) = 0
openat(AT_FDCWD, "/nix/store/6nrfjqgkbgwjrszrn9dfv5k7kj7vxxfk-elfutils-0.194/lib/glibc-hwcaps/x86-64-v3/libelf.so.1", O_RDONLY|O_CLOEXEC) = -1 ENOENT (No such file or directory)
newfstatat(AT_FDCWD, "/nix/store/6nrfjqgkbgwjrszrn9dfv5k7kj7vxxfk-elfutils-0.194/lib/glibc-hwcaps/x86-64-v3/", 0x7ffcc9a9c670, 0) = -1 ENOENT (No such file or directory)
openat(AT_FDCWD, "/nix/store/6nrfjqgkbgwjrszrn9dfv5k7kj7vxxfk-elfutils-0.194/lib/glibc-hwcaps/x86-64-v2/libelf.so.1", O_RDONLY|O_CLOEXEC) = -1 ENOENT (No such file or directory)
newfstatat(AT_FDCWD, "/nix/store/6nrfjqgkbgwjrszrn9dfv5k7kj7vxxfk-elfutils-0.194/lib/glibc-hwcaps/x86-64-v2/", 0x7ffcc9a9c670, 0) = -1 ENOENT (No such file or directory)
openat(AT_FDCWD, "/nix/store/6nrfjqgkbgwjrszrn9dfv5k7kj7vxxfk-elfutils-0.194/lib/libelf.so.1", O_RDONLY|O_CLOEXEC) = 3
read(3, "\177ELF\2\1\1\0\0\0\0\0\0\0\0\0\3\0>\0\1\0\0\0\0\0\0\0\0\0\0\0"..., 832) = 832
fstat(3, {st_mode=S_IFREG|0555, st_size=132536, ...}) = 0
mmap(NULL, 118808, PROT_READ, MAP_PRIVATE|MAP_DENYWRITE, 3, 0) = 0x7b6156a08000
mmap(0x7b6156a0c000, 77824, PROT_READ|PROT_EXEC, MAP_PRIVATE|MAP_FIXED|MAP_DENYWRITE, 3, 0x4000) = 0x7b6156a0c000
mmap(0x7b6156a1f000, 20480, PROT_READ, MAP_PRIVATE|MAP_FIXED|MAP_DENYWRITE, 3, 0x17000) = 0x7b6156a1f000
mmap(0x7b6156a24000, 8192, PROT_READ|PROT_WRITE, MAP_PRIVATE|MAP_FIXED|MAP_DENYWRITE, 3, 0x1b000) = 0x7b6156a24000
close(3)                                = 0
openat(AT_FDCWD, "/usr/lib/wsl/lib/libdl.so.2", O_RDONLY|O_CLOEXEC) = -1 ENOENT (No such file or directory)
openat(AT_FDCWD, "/nix/store/wpyvx3s2ciayjd1s4ckcv7y6jn186rsv-rocm-runtime-7.2.1/lib/libdl.so.2", O_RDONLY|O_CLOEXEC) = -1 ENOENT (No such file or directory)
openat(AT_FDCWD, "/nix/store/hc43a4spns3ws92041kq53hf1f61zw8l-libdrm-2.4.131/lib/libdl.so.2", O_RDONLY|O_CLOEXEC) = -1 ENOENT (No such file or directory)
openat(AT_FDCWD, "/nix/store/6nrfjqgkbgwjrszrn9dfv5k7kj7vxxfk-elfutils-0.194/lib/libdl.so.2", O_RDONLY|O_CLOEXEC) = -1 ENOENT (No such file or directory)
openat(AT_FDCWD, "/nix/store/00p2pzg3i0bdlg9iab09jyr46lnvpi6n-numactl-2.0.18/lib/glibc-hwcaps/x86-64-v3/libdl.so.2", O_RDONLY|O_CLOEXEC) = -1 ENOENT (No such file or directory)
newfstatat(AT_FDCWD, "/nix/store/00p2pzg3i0bdlg9iab09jyr46lnvpi6n-numactl-2.0.18/lib/glibc-hwcaps/x86-64-v3/", 0x7ffcc9a9c650, 0) = -1 ENOENT (No such file or directory)
openat(AT_FDCWD, "/nix/store/00p2pzg3i0bdlg9iab09jyr46lnvpi6n-numactl-2.0.18/lib/glibc-hwcaps/x86-64-v2/libdl.so.2", O_RDONLY|O_CLOEXEC) = -1 ENOENT (No such file or directory)
newfstatat(AT_FDCWD, "/nix/store/00p2pzg3i0bdlg9iab09jyr46lnvpi6n-numactl-2.0.18/lib/glibc-hwcaps/x86-64-v2/", 0x7ffcc9a9c650, 0) = -1 ENOENT (No such file or directory)
openat(AT_FDCWD, "/nix/store/00p2pzg3i0bdlg9iab09jyr46lnvpi6n-numactl-2.0.18/lib/libdl.so.2", O_RDONLY|O_CLOEXEC) = -1 ENOENT (No such file or directory)
newfstatat(AT_FDCWD, "/nix/store/00p2pzg3i0bdlg9iab09jyr46lnvpi6n-numactl-2.0.18/lib/", {st_mode=S_IFDIR|0555, st_size=4096, ...}, 0) = 0
openat(AT_FDCWD, "/nix/store/jms7zxzm7w1whczwny5m3gkgdjghmi2r-glibc-2.42-51/lib/libdl.so.2", O_RDONLY|O_CLOEXEC) = 3
read(3, "\177ELF\2\1\1\0\0\0\0\0\0\0\0\0\3\0>\0\1\0\0\0\0\0\0\0\0\0\0\0"..., 832) = 832
fstat(3, {st_mode=S_IFREG|0555, st_size=15688, ...}) = 0
mmap(NULL, 16400, PROT_READ, MAP_PRIVATE|MAP_DENYWRITE, 3, 0) = 0x7b6156a03000
mmap(0x7b6156a04000, 4096, PROT_READ|PROT_EXEC, MAP_PRIVATE|MAP_FIXED|MAP_DENYWRITE, 3, 0x1000) = 0x7b6156a04000
mmap(0x7b6156a05000, 4096, PROT_READ, MAP_PRIVATE|MAP_FIXED|MAP_DENYWRITE, 3, 0x2000) = 0x7b6156a05000
mmap(0x7b6156a06000, 8192, PROT_READ|PROT_WRITE, MAP_PRIVATE|MAP_FIXED|MAP_DENYWRITE, 3, 0x2000) = 0x7b6156a06000
close(3)                                = 0
openat(AT_FDCWD, "/usr/lib/wsl/lib/libpthread.so.0", O_RDONLY|O_CLOEXEC) = -1 ENOENT (No such file or directory)
openat(AT_FDCWD, "/nix/store/wpyvx3s2ciayjd1s4ckcv7y6jn186rsv-rocm-runtime-7.2.1/lib/libpthread.so.0", O_RDONLY|O_CLOEXEC) = -1 ENOENT (No such file or directory)
openat(AT_FDCWD, "/nix/store/hc43a4spns3ws92041kq53hf1f61zw8l-libdrm-2.4.131/lib/libpthread.so.0", O_RDONLY|O_CLOEXEC) = -1 ENOENT (No such file or directory)
openat(AT_FDCWD, "/nix/store/6nrfjqgkbgwjrszrn9dfv5k7kj7vxxfk-elfutils-0.194/lib/libpthread.so.0", O_RDONLY|O_CLOEXEC) = -1 ENOENT (No such file or directory)
openat(AT_FDCWD, "/nix/store/00p2pzg3i0bdlg9iab09jyr46lnvpi6n-numactl-2.0.18/lib/libpthread.so.0", O_RDONLY|O_CLOEXEC) = -1 ENOENT (No such file or directory)
openat(AT_FDCWD, "/nix/store/jms7zxzm7w1whczwny5m3gkgdjghmi2r-glibc-2.42-51/lib/libpthread.so.0", O_RDONLY|O_CLOEXEC) = 3
read(3, "\177ELF\2\1\1\0\0\0\0\0\0\0\0\0\3\0>\0\1\0\0\0\0\0\0\0\0\0\0\0"..., 832) = 832
fstat(3, {st_mode=S_IFREG|0555, st_size=16536, ...}) = 0
mmap(NULL, 16400, PROT_READ, MAP_PRIVATE|MAP_DENYWRITE, 3, 0) = 0x7b61569fe000
mmap(0x7b61569ff000, 4096, PROT_READ|PROT_EXEC, MAP_PRIVATE|MAP_FIXED|MAP_DENYWRITE, 3, 0x1000) = 0x7b61569ff000
mmap(0x7b6156a00000, 4096, PROT_READ, MAP_PRIVATE|MAP_FIXED|MAP_DENYWRITE, 3, 0x2000) = 0x7b6156a00000
mmap(0x7b6156a01000, 8192, PROT_READ|PROT_WRITE, MAP_PRIVATE|MAP_FIXED|MAP_DENYWRITE, 3, 0x2000) = 0x7b6156a01000
close(3)                                = 0
openat(AT_FDCWD, "/usr/lib/wsl/lib/librt.so.1", O_RDONLY|O_CLOEXEC) = -1 ENOENT (No such file or directory)
openat(AT_FDCWD, "/nix/store/wpyvx3s2ciayjd1s4ckcv7y6jn186rsv-rocm-runtime-7.2.1/lib/librt.so.1", O_RDONLY|O_CLOEXEC) = -1 ENOENT (No such file or directory)
openat(AT_FDCWD, "/nix/store/hc43a4spns3ws92041kq53hf1f61zw8l-libdrm-2.4.131/lib/librt.so.1", O_RDONLY|O_CLOEXEC) = -1 ENOENT (No such file or directory)
openat(AT_FDCWD, "/nix/store/6nrfjqgkbgwjrszrn9dfv5k7kj7vxxfk-elfutils-0.194/lib/librt.so.1", O_RDONLY|O_CLOEXEC) = -1 ENOENT (No such file or directory)
openat(AT_FDCWD, "/nix/store/00p2pzg3i0bdlg9iab09jyr46lnvpi6n-numactl-2.0.18/lib/librt.so.1", O_RDONLY|O_CLOEXEC) = -1 ENOENT (No such file or directory)
openat(AT_FDCWD, "/nix/store/jms7zxzm7w1whczwny5m3gkgdjghmi2r-glibc-2.42-51/lib/librt.so.1", O_RDONLY|O_CLOEXEC) = 3
read(3, "\177ELF\2\1\1\0\0\0\0\0\0\0\0\0\3\0>\0\1\0\0\0\0\0\0\0\0\0\0\0"..., 832) = 832
fstat(3, {st_mode=S_IFREG|0555, st_size=16352, ...}) = 0
mmap(NULL, 16400, PROT_READ, MAP_PRIVATE|MAP_DENYWRITE, 3, 0) = 0x7b6156503000
mmap(0x7b6156504000, 4096, PROT_READ|PROT_EXEC, MAP_PRIVATE|MAP_FIXED|MAP_DENYWRITE, 3, 0x1000) = 0x7b6156504000
mmap(0x7b6156505000, 4096, PROT_READ, MAP_PRIVATE|MAP_FIXED|MAP_DENYWRITE, 3, 0x2000) = 0x7b6156505000
mmap(0x7b6156506000, 8192, PROT_READ|PROT_WRITE, MAP_PRIVATE|MAP_FIXED|MAP_DENYWRITE, 3, 0x2000) = 0x7b6156506000
close(3)                                = 0
openat(AT_FDCWD, "/usr/lib/wsl/lib/libdrm.so.2", O_RDONLY|O_CLOEXEC) = -1 ENOENT (No such file or directory)
openat(AT_FDCWD, "/nix/store/wpyvx3s2ciayjd1s4ckcv7y6jn186rsv-rocm-runtime-7.2.1/lib/libdrm.so.2", O_RDONLY|O_CLOEXEC) = -1 ENOENT (No such file or directory)
openat(AT_FDCWD, "/nix/store/hc43a4spns3ws92041kq53hf1f61zw8l-libdrm-2.4.131/lib/libdrm.so.2", O_RDONLY|O_CLOEXEC) = 3
read(3, "\177ELF\2\1\1\0\0\0\0\0\0\0\0\0\3\0>\0\1\0\0\0\0\0\0\0\0\0\0\0"..., 832) = 832
fstat(3, {st_mode=S_IFREG|0555, st_size=114592, ...}) = 0
mmap(NULL, 8192, PROT_READ|PROT_WRITE, MAP_PRIVATE|MAP_ANONYMOUS, -1, 0) = 0x7b61569fc000
mmap(NULL, 100880, PROT_READ, MAP_PRIVATE|MAP_DENYWRITE, 3, 0) = 0x7b61564ea000
mmap(0x7b61564f0000, 53248, PROT_READ|PROT_EXEC, MAP_PRIVATE|MAP_FIXED|MAP_DENYWRITE, 3, 0x6000) = 0x7b61564f0000
mmap(0x7b61564fd000, 16384, PROT_READ, MAP_PRIVATE|MAP_FIXED|MAP_DENYWRITE, 3, 0x13000) = 0x7b61564fd000
mmap(0x7b6156501000, 8192, PROT_READ|PROT_WRITE, MAP_PRIVATE|MAP_FIXED|MAP_DENYWRITE, 3, 0x17000) = 0x7b6156501000
close(3)                                = 0
openat(AT_FDCWD, "/usr/lib/wsl/lib/libdrm_amdgpu.so.1", O_RDONLY|O_CLOEXEC) = -1 ENOENT (No such file or directory)
openat(AT_FDCWD, "/nix/store/wpyvx3s2ciayjd1s4ckcv7y6jn186rsv-rocm-runtime-7.2.1/lib/libdrm_amdgpu.so.1", O_RDONLY|O_CLOEXEC) = -1 ENOENT (No such file or directory)
openat(AT_FDCWD, "/nix/store/hc43a4spns3ws92041kq53hf1f61zw8l-libdrm-2.4.131/lib/libdrm_amdgpu.so.1", O_RDONLY|O_CLOEXEC) = 3
read(3, "\177ELF\2\1\1\0\0\0\0\0\0\0\0\0\3\0>\0\1\0\0\0\0\0\0\0\0\0\0\0"..., 832) = 832
fstat(3, {st_mode=S_IFREG|0555, st_size=61072, ...}) = 0
mmap(NULL, 53384, PROT_READ, MAP_PRIVATE|MAP_DENYWRITE, 3, 0) = 0x7b61564dc000
mmap(0x7b61564e0000, 24576, PROT_READ|PROT_EXEC, MAP_PRIVATE|MAP_FIXED|MAP_DENYWRITE, 3, 0x4000) = 0x7b61564e0000
mmap(0x7b61564e6000, 8192, PROT_READ, MAP_PRIVATE|MAP_FIXED|MAP_DENYWRITE, 3, 0xa000) = 0x7b61564e6000
mmap(0x7b61564e8000, 8192, PROT_READ|PROT_WRITE, MAP_PRIVATE|MAP_FIXED|MAP_DENYWRITE, 3, 0xb000) = 0x7b61564e8000
close(3)                                = 0
openat(AT_FDCWD, "/usr/lib/wsl/lib/libnuma.so.1", O_RDONLY|O_CLOEXEC) = -1 ENOENT (No such file or directory)
openat(AT_FDCWD, "/nix/store/wpyvx3s2ciayjd1s4ckcv7y6jn186rsv-rocm-runtime-7.2.1/lib/libnuma.so.1", O_RDONLY|O_CLOEXEC) = -1 ENOENT (No such file or directory)
openat(AT_FDCWD, "/nix/store/hc43a4spns3ws92041kq53hf1f61zw8l-libdrm-2.4.131/lib/libnuma.so.1", O_RDONLY|O_CLOEXEC) = -1 ENOENT (No such file or directory)
openat(AT_FDCWD, "/nix/store/6nrfjqgkbgwjrszrn9dfv5k7kj7vxxfk-elfutils-0.194/lib/libnuma.so.1", O_RDONLY|O_CLOEXEC) = -1 ENOENT (No such file or directory)
openat(AT_FDCWD, "/nix/store/00p2pzg3i0bdlg9iab09jyr46lnvpi6n-numactl-2.0.18/lib/libnuma.so.1", O_RDONLY|O_CLOEXEC) = 3
read(3, "\177ELF\2\1\1\0\0\0\0\0\0\0\0\0\3\0>\0\1\0\0\0\0\0\0\0\0\0\0\0"..., 832) = 832
fstat(3, {st_mode=S_IFREG|0555, st_size=72704, ...}) = 0
mmap(NULL, 58808, PROT_READ, MAP_PRIVATE|MAP_DENYWRITE, 3, 0) = 0x7b61564cd000
mmap(0x7b61564d1000, 28672, PROT_READ|PROT_EXEC, MAP_PRIVATE|MAP_FIXED|MAP_DENYWRITE, 3, 0x4000) = 0x7b61564d1000
mmap(0x7b61564d8000, 8192, PROT_READ, MAP_PRIVATE|MAP_FIXED|MAP_DENYWRITE, 3, 0xb000) = 0x7b61564d8000
mmap(0x7b61564da000, 8192, PROT_READ|PROT_WRITE, MAP_PRIVATE|MAP_FIXED|MAP_DENYWRITE, 3, 0xd000) = 0x7b61564da000
close(3)                                = 0
openat(AT_FDCWD, "/usr/lib/wsl/lib/libz.so.1", O_RDONLY|O_CLOEXEC) = -1 ENOENT (No such file or directory)
openat(AT_FDCWD, "/nix/store/wpyvx3s2ciayjd1s4ckcv7y6jn186rsv-rocm-runtime-7.2.1/lib/libz.so.1", O_RDONLY|O_CLOEXEC) = -1 ENOENT (No such file or directory)
openat(AT_FDCWD, "/nix/store/vi21p90v3kj509rx00r101xcqa6za76b-bzip2-1.0.8/lib/glibc-hwcaps/x86-64-v3/libz.so.1", O_RDONLY|O_CLOEXEC) = -1 ENOENT (No such file or directory)
newfstatat(AT_FDCWD, "/nix/store/vi21p90v3kj509rx00r101xcqa6za76b-bzip2-1.0.8/lib/glibc-hwcaps/x86-64-v3/", 0x7ffcc9a9c570, 0) = -1 ENOENT (No such file or directory)
openat(AT_FDCWD, "/nix/store/vi21p90v3kj509rx00r101xcqa6za76b-bzip2-1.0.8/lib/glibc-hwcaps/x86-64-v2/libz.so.1", O_RDONLY|O_CLOEXEC) = -1 ENOENT (No such file or directory)
newfstatat(AT_FDCWD, "/nix/store/vi21p90v3kj509rx00r101xcqa6za76b-bzip2-1.0.8/lib/glibc-hwcaps/x86-64-v2/", 0x7ffcc9a9c570, 0) = -1 ENOENT (No such file or directory)
openat(AT_FDCWD, "/nix/store/vi21p90v3kj509rx00r101xcqa6za76b-bzip2-1.0.8/lib/libz.so.1", O_RDONLY|O_CLOEXEC) = -1 ENOENT (No such file or directory)
newfstatat(AT_FDCWD, "/nix/store/vi21p90v3kj509rx00r101xcqa6za76b-bzip2-1.0.8/lib/", {st_mode=S_IFDIR|0555, st_size=4096, ...}, 0) = 0
openat(AT_FDCWD, "/nix/store/2kdz3m7ic8w226pcvkz1dlg169v91p6a-zlib-1.3.2/lib/glibc-hwcaps/x86-64-v3/libz.so.1", O_RDONLY|O_CLOEXEC) = -1 ENOENT (No such file or directory)
newfstatat(AT_FDCWD, "/nix/store/2kdz3m7ic8w226pcvkz1dlg169v91p6a-zlib-1.3.2/lib/glibc-hwcaps/x86-64-v3/", 0x7ffcc9a9c570, 0) = -1 ENOENT (No such file or directory)
openat(AT_FDCWD, "/nix/store/2kdz3m7ic8w226pcvkz1dlg169v91p6a-zlib-1.3.2/lib/glibc-hwcaps/x86-64-v2/libz.so.1", O_RDONLY|O_CLOEXEC) = -1 ENOENT (No such file or directory)
newfstatat(AT_FDCWD, "/nix/store/2kdz3m7ic8w226pcvkz1dlg169v91p6a-zlib-1.3.2/lib/glibc-hwcaps/x86-64-v2/", 0x7ffcc9a9c570, 0) = -1 ENOENT (No such file or directory)
openat(AT_FDCWD, "/nix/store/2kdz3m7ic8w226pcvkz1dlg169v91p6a-zlib-1.3.2/lib/libz.so.1", O_RDONLY|O_CLOEXEC) = 3
read(3, "\177ELF\2\1\1\0\0\0\0\0\0\0\0\0\3\0>\0\1\0\0\0\0\0\0\0\0\0\0\0"..., 832) = 832
fstat(3, {st_mode=S_IFREG|0555, st_size=128936, ...}) = 0
mmap(NULL, 122896, PROT_READ, MAP_PRIVATE|MAP_DENYWRITE, 3, 0) = 0x7b61564ae000
mmap(0x7b61564b1000, 81920, PROT_READ|PROT_EXEC, MAP_PRIVATE|MAP_FIXED|MAP_DENYWRITE, 3, 0x3000) = 0x7b61564b1000
mmap(0x7b61564c5000, 24576, PROT_READ, MAP_PRIVATE|MAP_FIXED|MAP_DENYWRITE, 3, 0x17000) = 0x7b61564c5000
mmap(0x7b61564cb000, 8192, PROT_READ|PROT_WRITE, MAP_PRIVATE|MAP_FIXED|MAP_DENYWRITE, 3, 0x1c000) = 0x7b61564cb000
close(3)                                = 0
openat(AT_FDCWD, "/usr/lib/wsl/lib/libzstd.so.1", O_RDONLY|O_CLOEXEC) = -1 ENOENT (No such file or directory)
openat(AT_FDCWD, "/nix/store/wpyvx3s2ciayjd1s4ckcv7y6jn186rsv-rocm-runtime-7.2.1/lib/libzstd.so.1", O_RDONLY|O_CLOEXEC) = -1 ENOENT (No such file or directory)
openat(AT_FDCWD, "/nix/store/vi21p90v3kj509rx00r101xcqa6za76b-bzip2-1.0.8/lib/libzstd.so.1", O_RDONLY|O_CLOEXEC) = -1 ENOENT (No such file or directory)
openat(AT_FDCWD, "/nix/store/2kdz3m7ic8w226pcvkz1dlg169v91p6a-zlib-1.3.2/lib/libzstd.so.1", O_RDONLY|O_CLOEXEC) = -1 ENOENT (No such file or directory)
openat(AT_FDCWD, "/nix/store/29mmnqpc1p3iv8wj0lpvicajy3jsbx87-zstd-1.5.7/lib/glibc-hwcaps/x86-64-v3/libzstd.so.1", O_RDONLY|O_CLOEXEC) = -1 ENOENT (No such file or directory)
newfstatat(AT_FDCWD, "/nix/store/29mmnqpc1p3iv8wj0lpvicajy3jsbx87-zstd-1.5.7/lib/glibc-hwcaps/x86-64-v3/", 0x7ffcc9a9c550, 0) = -1 ENOENT (No such file or directory)
openat(AT_FDCWD, "/nix/store/29mmnqpc1p3iv8wj0lpvicajy3jsbx87-zstd-1.5.7/lib/glibc-hwcaps/x86-64-v2/libzstd.so.1", O_RDONLY|O_CLOEXEC) = -1 ENOENT (No such file or directory)
newfstatat(AT_FDCWD, "/nix/store/29mmnqpc1p3iv8wj0lpvicajy3jsbx87-zstd-1.5.7/lib/glibc-hwcaps/x86-64-v2/", 0x7ffcc9a9c550, 0) = -1 ENOENT (No such file or directory)
openat(AT_FDCWD, "/nix/store/29mmnqpc1p3iv8wj0lpvicajy3jsbx87-zstd-1.5.7/lib/libzstd.so.1", O_RDONLY|O_CLOEXEC) = 3
read(3, "\177ELF\2\1\1\0\0\0\0\0\0\0\0\0\3\0>\0\1\0\0\0\0\0\0\0\0\0\0\0"..., 832) = 832
fstat(3, {st_mode=S_IFREG|0555, st_size=905672, ...}) = 0
mmap(NULL, 8192, PROT_READ|PROT_WRITE, MAP_PRIVATE|MAP_ANONYMOUS, -1, 0) = 0x7b61564ac000
mmap(NULL, 868408, PROT_READ, MAP_PRIVATE|MAP_DENYWRITE, 3, 0) = 0x7b615612b000
mmap(0x7b6156134000, 778240, PROT_READ|PROT_EXEC, MAP_PRIVATE|MAP_FIXED|MAP_DENYWRITE, 3, 0x9000) = 0x7b6156134000
mmap(0x7b61561f2000, 49152, PROT_READ, MAP_PRIVATE|MAP_FIXED|MAP_DENYWRITE, 3, 0xc7000) = 0x7b61561f2000
mmap(0x7b61561fe000, 8192, PROT_READ|PROT_WRITE, MAP_PRIVATE|MAP_FIXED|MAP_DENYWRITE, 3, 0xd3000) = 0x7b61561fe000
close(3)                                = 0
openat(AT_FDCWD, "/usr/lib/wsl/lib/liblzma.so.5", O_RDONLY|O_CLOEXEC) = -1 ENOENT (No such file or directory)
openat(AT_FDCWD, "/nix/store/wpyvx3s2ciayjd1s4ckcv7y6jn186rsv-rocm-runtime-7.2.1/lib/liblzma.so.5", O_RDONLY|O_CLOEXEC) = -1 ENOENT (No such file or directory)
openat(AT_FDCWD, "/nix/store/vi21p90v3kj509rx00r101xcqa6za76b-bzip2-1.0.8/lib/liblzma.so.5", O_RDONLY|O_CLOEXEC) = -1 ENOENT (No such file or directory)
openat(AT_FDCWD, "/nix/store/2kdz3m7ic8w226pcvkz1dlg169v91p6a-zlib-1.3.2/lib/liblzma.so.5", O_RDONLY|O_CLOEXEC) = -1 ENOENT (No such file or directory)
openat(AT_FDCWD, "/nix/store/29mmnqpc1p3iv8wj0lpvicajy3jsbx87-zstd-1.5.7/lib/liblzma.so.5", O_RDONLY|O_CLOEXEC) = -1 ENOENT (No such file or directory)
openat(AT_FDCWD, "/nix/store/x8x0bp6q9x80lr3lljkj7xr4lx2495si-xz-5.8.2/lib/glibc-hwcaps/x86-64-v3/liblzma.so.5", O_RDONLY|O_CLOEXEC) = -1 ENOENT (No such file or directory)
newfstatat(AT_FDCWD, "/nix/store/x8x0bp6q9x80lr3lljkj7xr4lx2495si-xz-5.8.2/lib/glibc-hwcaps/x86-64-v3/", 0x7ffcc9a9c530, 0) = -1 ENOENT (No such file or directory)
openat(AT_FDCWD, "/nix/store/x8x0bp6q9x80lr3lljkj7xr4lx2495si-xz-5.8.2/lib/glibc-hwcaps/x86-64-v2/liblzma.so.5", O_RDONLY|O_CLOEXEC) = -1 ENOENT (No such file or directory)
newfstatat(AT_FDCWD, "/nix/store/x8x0bp6q9x80lr3lljkj7xr4lx2495si-xz-5.8.2/lib/glibc-hwcaps/x86-64-v2/", 0x7ffcc9a9c530, 0) = -1 ENOENT (No such file or directory)
openat(AT_FDCWD, "/nix/store/x8x0bp6q9x80lr3lljkj7xr4lx2495si-xz-5.8.2/lib/liblzma.so.5", O_RDONLY|O_CLOEXEC) = 3
read(3, "\177ELF\2\1\1\0\0\0\0\0\0\0\0\0\3\0>\0\1\0\0\0\0\0\0\0\0\0\0\0"..., 832) = 832
fstat(3, {st_mode=S_IFREG|0555, st_size=223824, ...}) = 0
mmap(NULL, 200920, PROT_READ, MAP_PRIVATE|MAP_DENYWRITE, 3, 0) = 0x7b61560f9000
mmap(0x7b61560fd000, 135168, PROT_READ|PROT_EXEC, MAP_PRIVATE|MAP_FIXED|MAP_DENYWRITE, 3, 0x4000) = 0x7b61560fd000
mmap(0x7b615611e000, 45056, PROT_READ, MAP_PRIVATE|MAP_FIXED|MAP_DENYWRITE, 3, 0x25000) = 0x7b615611e000
mmap(0x7b6156129000, 8192, PROT_READ|PROT_WRITE, MAP_PRIVATE|MAP_FIXED|MAP_DENYWRITE, 3, 0x30000) = 0x7b6156129000
close(3)                                = 0
openat(AT_FDCWD, "/usr/lib/wsl/lib/libbz2.so.1", O_RDONLY|O_CLOEXEC) = -1 ENOENT (No such file or directory)
openat(AT_FDCWD, "/nix/store/wpyvx3s2ciayjd1s4ckcv7y6jn186rsv-rocm-runtime-7.2.1/lib/libbz2.so.1", O_RDONLY|O_CLOEXEC) = -1 ENOENT (No such file or directory)
openat(AT_FDCWD, "/nix/store/vi21p90v3kj509rx00r101xcqa6za76b-bzip2-1.0.8/lib/libbz2.so.1", O_RDONLY|O_CLOEXEC) = 3
read(3, "\177ELF\2\1\1\0\0\0\0\0\0\0\0\0\3\0>\0\1\0\0\0\0\0\0\0\0\0\0\0"..., 832) = 832
fstat(3, {st_mode=S_IFREG|0555, st_size=86664, ...}) = 0
mmap(NULL, 85032, PROT_READ, MAP_PRIVATE|MAP_DENYWRITE, 3, 0) = 0x7b6156497000
mmap(0x7b6156499000, 61440, PROT_READ|PROT_EXEC, MAP_PRIVATE|MAP_FIXED|MAP_DENYWRITE, 3, 0x2000) = 0x7b6156499000
mmap(0x7b61564a8000, 8192, PROT_READ, MAP_PRIVATE|MAP_FIXED|MAP_DENYWRITE, 3, 0x11000) = 0x7b61564a8000
mmap(0x7b61564aa000, 8192, PROT_READ|PROT_WRITE, MAP_PRIVATE|MAP_FIXED|MAP_DENYWRITE, 3, 0x12000) = 0x7b61564aa000
close(3)                                = 0
openat(AT_FDCWD, "/usr/lib/wsl/lib/libatomic.so.1", O_RDONLY|O_CLOEXEC) = -1 ENOENT (No such file or directory)
openat(AT_FDCWD, "/nix/store/wpyvx3s2ciayjd1s4ckcv7y6jn186rsv-rocm-runtime-7.2.1/lib/libatomic.so.1", O_RDONLY|O_CLOEXEC) = -1 ENOENT (No such file or directory)
openat(AT_FDCWD, "/nix/store/jms7zxzm7w1whczwny5m3gkgdjghmi2r-glibc-2.42-51/lib/libatomic.so.1", O_RDONLY|O_CLOEXEC) = -1 ENOENT (No such file or directory)
openat(AT_FDCWD, "/nix/store/ab3753m6i7isgvzphlar0a8xb84gl96i-gcc-15.2.0-lib/lib/libatomic.so.1", O_RDONLY|O_CLOEXEC) = 3
read(3, "\177ELF\2\1\1\3\0\0\0\0\0\0\0\0\3\0>\0\1\0\0\0\0\0\0\0\0\0\0\0"..., 832) = 832
fstat(3, {st_mode=S_IFREG|0555, st_size=51048, ...}) = 0
mmap(NULL, 45128, PROT_READ, MAP_PRIVATE|MAP_DENYWRITE, 3, 0) = 0x7b615648b000
mmap(0x7b615648e000, 16384, PROT_READ|PROT_EXEC, MAP_PRIVATE|MAP_FIXED|MAP_DENYWRITE, 3, 0x3000) = 0x7b615648e000
mmap(0x7b6156492000, 8192, PROT_READ, MAP_PRIVATE|MAP_FIXED|MAP_DENYWRITE, 3, 0x7000) = 0x7b6156492000
mmap(0x7b6156494000, 8192, PROT_READ|PROT_WRITE, MAP_PRIVATE|MAP_FIXED|MAP_DENYWRITE, 3, 0x8000) = 0x7b6156494000
mmap(0x7b6156496000, 72, PROT_READ|PROT_WRITE, MAP_PRIVATE|MAP_FIXED|MAP_ANONYMOUS, -1, 0) = 0x7b6156496000
close(3)                                = 0
mmap(NULL, 8192, PROT_READ|PROT_WRITE, MAP_PRIVATE|MAP_ANONYMOUS, -1, 0) = 0x7b6156489000
mmap(NULL, 8192, PROT_READ|PROT_WRITE, MAP_PRIVATE|MAP_ANONYMOUS, -1, 0) = 0x7b6156487000
arch_prctl(ARCH_SET_FS, 0x7b61564881c0) = 0
set_tid_address(0x7b6156488490)         = 11307
set_robust_list(0x7b61564884a0, 24)     = 0
rseq(0x7b61564880c0, 0x20, 0, 0x53053053) = 0
mprotect(0x7b6155ff8000, 16384, PROT_READ) = 0
mprotect(0x7b6156a01000, 4096, PROT_READ) = 0
mprotect(0x7b6156494000, 4096, PROT_READ) = 0
mprotect(0x7b61564aa000, 4096, PROT_READ) = 0
mprotect(0x7b6156129000, 4096, PROT_READ) = 0
mprotect(0x7b61561fe000, 4096, PROT_READ) = 0
mprotect(0x7b61564cb000, 4096, PROT_READ) = 0
mprotect(0x7b61564da000, 4096, PROT_READ) = 0
mprotect(0x7b6156501000, 4096, PROT_READ) = 0
mprotect(0x7b61564e8000, 4096, PROT_READ) = 0
mprotect(0x7b6156506000, 4096, PROT_READ) = 0
mprotect(0x7b6156a06000, 4096, PROT_READ) = 0
mprotect(0x7b6156a24000, 4096, PROT_READ) = 0
mprotect(0x7b6156a53000, 4096, PROT_READ) = 0
mprotect(0x7b61565fe000, 4096, PROT_READ) = 0
mmap(NULL, 8192, PROT_READ|PROT_WRITE, MAP_PRIVATE|MAP_ANONYMOUS, -1, 0) = 0x7b6156485000
mprotect(0x7b615646c000, 69632, PROT_READ) = 0
mprotect(0x7b61567c0000, 40960, PROT_READ) = 0
mprotect(0x62e81a8c8000, 4096, PROT_READ) = 0
mprotect(0x7b6156a8e000, 8192, PROT_READ) = 0
prlimit64(0, RLIMIT_STACK, NULL, {rlim_cur=8192*1024, rlim_max=RLIM64_INFINITY}) = 0
getrandom("\x62\x6c\xc5\xa7\xaa\xa7\x05\x62", 8, GRND_NONBLOCK) = 8
brk(NULL)                               = 0x62e84c0e1000
brk(0x62e84c102000)                     = 0x62e84c102000
openat(AT_FDCWD, "/proc/self/status", O_RDONLY) = 3
fstat(3, {st_mode=S_IFREG|0444, st_size=0, ...}) = 0
read(3, "Name:\trocminfo\nUmask:\t0022\nState"..., 1024) = 1024
read(3, "abled\nCpus_allowed:\tffffffff\nCpu"..., 1024) = 435
read(3, "", 1024)                       = 0
close(3)                                = 0
openat(AT_FDCWD, "/sys/devices/system/node", O_RDONLY|O_NONBLOCK|O_CLOEXEC|O_DIRECTORY) = 3
fstat(3, {st_mode=S_IFDIR|0755, st_size=0, ...}) = 0
getdents64(3, 0x62e84c0e1c50 /* 11 entries */, 32768) = 360
getdents64(3, 0x62e84c0e1c50 /* 0 entries */, 32768) = 0
close(3)                                = 0
sched_getaffinity(0, 512, [0 1 2 3 4 5 6 7 8 9 10 11 12 13 14 15 16 17 18 19 20 21 22 23 24 25 26 27 28 29 30 31]) = 8
openat(AT_FDCWD, "/sys/devices/system/cpu/possible", O_RDONLY|O_CLOEXEC) = 3
read(3, "0-31\n", 1024)                 = 5
close(3)                                = 0
openat(AT_FDCWD, "/proc/self/status", O_RDONLY) = 3
fstat(3, {st_mode=S_IFREG|0444, st_size=0, ...}) = 0
read(3, "Name:\trocminfo\nUmask:\t0022\nState"..., 1024) = 1024
read(3, "abled\nCpus_allowed:\tffffffff\nCpu"..., 1024) = 435
read(3, "", 1024)                       = 0
close(3)                                = 0
futex(0x7b615647e6bc, FUTEX_WAKE_PRIVATE, 2147483647) = 0
uname({sysname="Linux", nodename="nixos", ...}) = 0
openat(AT_FDCWD, "/dev/dxg", O_RDONLY)  = 3
fstat(1, {st_mode=S_IFSOCK|0777, st_size=0, ...}) = 0
close(3